0 info it worked if it ends with ok
1 verbose cli [ '/Users/adeiji/.nvm/versions/node/v6.11.5/bin/node',
1 verbose cli   '/Users/adeiji/.nvm/versions/node/v6.11.5/bin/npm',
1 verbose cli   '--prefix',
1 verbose cli   '/Users/adeiji/Documents/Dephyned/Graffiti/programming/cloudfunctions/functions',
1 verbose cli   'run',
1 verbose cli   'lint' ]
2 info using npm@3.10.10
3 info using node@v6.11.5
4 verbose run-script [ 'prelint', 'lint', 'postlint' ]
5 info lifecycle functions@~prelint: functions@
6 silly lifecycle functions@~prelint: no script for prelint, continuing
7 info lifecycle functions@~lint: functions@
8 verbose lifecycle functions@~lint: unsafe-perm in lifecycle true
9 verbose lifecycle functions@~lint: PATH: /Users/adeiji/.nvm/versions/node/v6.11.5/lib/node_modules/npm/bin/node-gyp-bin:/Users/adeiji/Documents/Dephyned/Graffiti/programming/cloudfunctions/functions/node_modules/.bin:/Users/adeiji/.fzf/bin:/Users/adeiji/.nvm/versions/node/v6.11.5/bin:/Users/adeiji/.gvm/pkgsets/go1.7/global/bin:/Users/adeiji/.gvm/gos/go1.7/bin:/Users/adeiji/.gvm/pkgsets/go1.7/global/overlay/bin:/Users/adeiji/.gvm/bin:/Users/adeiji/.gvm/bin:/Documents/Dephyned/mongodb/bin:/Users/adeiji/Library/Python/2.7/bin/:/Users/adeiji/.rvm/bin:/usr/local/bin:/usr/bin:/bin:/usr/sbin:/sbin:/Applications/Server.app/Contents/ServerRoot/usr/bin:/Applications/Server.app/Contents/ServerRoot/usr/sbin:/Library/Frameworks/Mono.framework/Versions/Current/Commands:/Users/adeiji/Library/Python/2.7/bin/
10 verbose lifecycle functions@~lint: CWD: /Users/adeiji/Documents/Dephyned/Graffiti/programming/cloudfunctions/functions
11 silly lifecycle functions@~lint: Args: [ '-c', 'tslint --project tsconfig.json' ]
12 silly lifecycle functions@~lint: Returned: code: 2  signal: null
13 info lifecycle functions@~lint: Failed to exec lint script
14 verbose stack Error: functions@ lint: `tslint --project tsconfig.json`
14 verbose stack Exit status 2
14 verbose stack     at EventEmitter.<anonymous> (/Users/adeiji/.nvm/versions/node/v6.11.5/lib/node_modules/npm/lib/utils/lifecycle.js:255:16)
14 verbose stack     at emitTwo (events.js:106:13)
14 verbose stack     at EventEmitter.emit (events.js:191:7)
14 verbose stack     at ChildProcess.<anonymous> (/Users/adeiji/.nvm/versions/node/v6.11.5/lib/node_modules/npm/lib/utils/spawn.js:40:14)
14 verbose stack     at emitTwo (events.js:106:13)
14 verbose stack     at ChildProcess.emit (events.js:191:7)
14 verbose stack     at maybeClose (internal/child_process.js:920:16)
14 verbose stack     at Process.ChildProcess._handle.onexit (internal/child_process.js:230:5)
15 verbose pkgid functions@
16 verbose cwd /Users/adeiji/Documents/Dephyned/Graffiti/programming/cloudfunctions
17 error Darwin 16.7.0
18 error argv "/Users/adeiji/.nvm/versions/node/v6.11.5/bin/node" "/Users/adeiji/.nvm/versions/node/v6.11.5/bin/npm" "--prefix" "/Users/adeiji/Documents/Dephyned/Graffiti/programming/cloudfunctions/functions" "run" "lint"
19 error node v6.11.5
20 error npm  v3.10.10
21 error code ELIFECYCLE
22 error functions@ lint: `tslint --project tsconfig.json`
22 error Exit status 2
23 error Failed at the functions@ lint script 'tslint --project tsconfig.json'.
23 error Make sure you have the latest version of node.js and npm installed.
23 error If you do, this is most likely a problem with the functions package,
23 error not with npm itself.
23 error Tell the author that this fails on your system:
23 error     tslint --project tsconfig.json
23 error You can get information on how to open an issue for this project with:
23 error     npm bugs functions
23 error Or if that isn't available, you can get their info via:
23 error     npm owner ls functions
23 error There is likely additional logging output above.
24 verbose exit [ 1, true ]
